D:\ROBLOX.P4V\BRANCHES\CLIENTINTEGRATION\CLIENT\RBXDEBUG\OBJ\DEBUG\VC110.PDB
D:\ROBLOX.P4V\BRANCHES\CLIENTINTEGRATION\CLIENT\RBXDEBUG\OBJ\DEBUG\RBXDEBUG.PCH
D:\ROBLOX.P4V\BRANCHES\CLIENTINTEGRATION\CLIENT\RBXDEBUG\OBJ\DEBUG\STDAFX.OBJ
D:\ROBLOX.P4V\BRANCHES\CLIENTINTEGRATION\CLIENT\RBXDEBUG\OBJ\DEBUG\DLLMAIN.OBJ
D:\ROBLOX.P4V\BRANCHES\CLIENTINTEGRATION\CLIENT\RBXDEBUG\OBJ\DEBUG\RBXDEBUG.OBJ
D:\ROBLOX.P4V\BRANCHES\CLIENTINTEGRATION\CLIENT\RBXDEBUG\BIN\DEBUG\RBXDEBUG.ILK
D:\ROBLOX.P4V\BRANCHES\CLIENTINTEGRATION\CLIENT\RBXDEBUG\BIN\DEBUG\RBXDEBUG.DLL
D:\ROBLOX.P4V\BRANCHES\CLIENTINTEGRATION\CLIENT\RBXDEBUG\BIN\DEBUG\RBXDEBUG.PDB
D:\ROBLOX.P4V\Branches\ClientIntegration\Client\RbxDebug\bin\Debug\RbxDebug.lib
D:\ROBLOX.P4V\Branches\ClientIntegration\Client\RbxDebug\bin\Debug\RbxDebug.exp
D:\ROBLOX.P4V\Branches\ClientIntegration\Client\RbxDebug\obj\Debug\dllmain.obj
D:\ROBLOX.P4V\Branches\ClientIntegration\Client\RbxDebug\obj\Debug\RbxDebug.obj
D:\ROBLOX.P4V\Branches\ClientIntegration\Client\RbxDebug\obj\Debug\stdafx.obj
D:\ROBLOX.P4V\Branches\ClientIntegration\Client\RbxDebug\obj\Debug\cl.command.1.tlog
D:\ROBLOX.P4V\Branches\ClientIntegration\Client\RbxDebug\obj\Debug\cl.read.1.tlog
D:\ROBLOX.P4V\Branches\ClientIntegration\Client\RbxDebug\obj\Debug\cl.write.1.tlog
D:\ROBLOX.P4V\Branches\ClientIntegration\Client\RbxDebug\obj\Debug\link-cvtres.read.1.tlog
D:\ROBLOX.P4V\Branches\ClientIntegration\Client\RbxDebug\obj\Debug\link-cvtres.write.1.tlog
D:\ROBLOX.P4V\Branches\ClientIntegration\Client\RbxDebug\obj\Debug\link-rc.read.1.tlog
D:\ROBLOX.P4V\Branches\ClientIntegration\Client\RbxDebug\obj\Debug\link-rc.write.1.tlog
D:\ROBLOX.P4V\Branches\ClientIntegration\Client\RbxDebug\obj\Debug\link.command.1.tlog
D:\ROBLOX.P4V\Branches\ClientIntegration\Client\RbxDebug\obj\Debug\link.read.1.tlog
D:\ROBLOX.P4V\Branches\ClientIntegration\Client\RbxDebug\obj\Debug\link.write.1.tlog
D:\ROBLOX.P4V\Branches\ClientIntegration\Client\RbxDebug\obj\Debug\RbxDebug.write.1.tlog
D:\ROBLOX.P4V\Branches\ClientIntegration\Client\RbxDebug\obj\Debug\RbxDebug.pch
D:\ROBLOX.P4V\Branches\ClientIntegration\Client\RbxDebug\obj\Debug\vc110.idb
D:\ROBLOX.P4V\Branches\ClientIntegration\Client\RbxDebug\obj\Debug\vc110.pdb
D:\ROBLOX.P4V\Branches\ClientIntegration\Client\RbxDebug\bin\Debug\RbxDebug.dll
